Log file open, 03/14/18 13:10:46
LogWindows: Failed to load 'aqProf.dll' (GetLastError=126)
LogWindows: File 'aqProf.dll' does not exist
LogWindows: Failed to load 'VtuneApi.dll' (GetLastError=126)
LogWindows: File 'VtuneApi.dll' does not exist
LogWindows: Failed to load 'VtuneApi32e.dll' (GetLastError=126)
LogWindows: File 'VtuneApi32e.dll' does not exist
LogInit: Display: Running engine for game: Group_9_Game_Project
LogPlatformFile: Not using cached read wrapper
LogInit: Display: RandInit(-1608002748) SRandInit(-1608002747).
LogTaskGraph: Started task graph with 5 named threads and 14 total threads with 3 sets of task threads.
LogStats: Stats thread started at 4.487081
LogD3D11RHI: Aftermath initialized
LogPluginManager: Mounting plugin Paper2D
LogPluginManager: Mounting plugin LightPropagationVolume
LogPluginManager: Mounting plugin CodeLiteSourceCodeAccess
LogPluginManager: Mounting plugin GitSourceControl
LogPluginManager: Mounting plugin KDevelopSourceCodeAccess
LogPluginManager: Mounting plugin NullSourceCodeAccess
LogPluginManager: Mounting plugin PerforceSourceControl
LogPluginManager: Mounting plugin SubversionSourceControl
LogPluginManager: Mounting plugin UObjectPlugin
LogPluginManager: Mounting plugin VisualStudioSourceCodeAccess
LogPluginManager: Mounting plugin XCodeSourceCodeAccess
LogPluginManager: Mounting plugin AssetManagerEditor
LogPluginManager: Mounting plugin AudioCapture
LogPluginManager: Mounting plugin FacialAnimation
LogPluginManager: Mounting plugin GameplayTagsEditor
LogPluginManager: Mounting plugin MobileLauncherProfileWizard
LogPluginManager: Mounting plugin PluginBrowser
LogPluginManager: Mounting plugin SpeedTreeImporter
LogPluginManager: Mounting plugin AlembicImporter
LogPluginManager: Mounting plugin CharacterAI
LogPluginManager: Mounting plugin HTML5Networking
LogPluginManager: Mounting plugin AndroidMedia
LogPluginManager: Mounting plugin AvfMedia
LogPluginManager: Mounting plugin MediaPlayerEditor
LogPluginManager: Mounting plugin WmfMedia
LogPluginManager: Mounting plugin TcpMessaging
LogPluginManager: Mounting plugin UdpMessaging
LogPluginManager: Mounting plugin LevelSequenceEditor
LogPluginManager: Mounting plugin MatineeToLevelSequence
LogPluginManager: Mounting plugin OnlineSubsystemGooglePlay
LogPluginManager: Mounting plugin OnlineSubsystemIOS
LogPluginManager: Mounting plugin OnlineSubsystem
LogPluginManager: Mounting plugin OnlineSubsystemNull
LogPluginManager: Mounting plugin OnlineSubsystemUtils
LogPluginManager: Mounting plugin AndroidDeviceProfileSelector
LogPluginManager: Mounting plugin AndroidMoviePlayer
LogPluginManager: Mounting plugin AndroidPermission
LogPluginManager: Mounting plugin AppleMoviePlayer
LogPluginManager: Mounting plugin ArchVisCharacter
LogPluginManager: Mounting plugin CableComponent
LogPluginManager: Mounting plugin CustomMeshComponent
LogPluginManager: Mounting plugin ExampleDeviceProfileSelector
LogPluginManager: Mounting plugin GoogleCloudMessaging
LogPluginManager: Mounting plugin ImmediatePhysics
LogPluginManager: Mounting plugin IOSDeviceProfileSelector
LogPluginManager: Mounting plugin LinuxDeviceProfileSelector
LogPluginManager: Mounting plugin LocationServicesBPLibrary
LogPluginManager: Mounting plugin MobilePatchingUtils
LogPluginManager: Mounting plugin OculusVR
LogPluginManager: Mounting plugin PhysXVehicles
LogPluginManager: Mounting plugin ProceduralMeshComponent
LogPluginManager: Mounting plugin RuntimePhysXCooking
LogPluginManager: Mounting plugin SteamVR
LogPluginManager: Mounting plugin WindowsMoviePlayer
LogInit: Using libcurl 7.47.1
LogInit:  - built for x86_64-pc-win32
LogInit:  - supports SSL with OpenSSL/1.0.2g
LogInit:  - supports HTTP deflate (compression) using libz 1.2.8
LogInit:  - other features:
LogInit:      CURL_VERSION_SSL
LogInit:      CURL_VERSION_LIBZ
LogInit:      CURL_VERSION_IPV6
LogInit:      CURL_VERSION_ASYNCHDNS
LogInit:      CURL_VERSION_LARGEFILE
LogInit:      CURL_VERSION_IDN
LogInit:  CurlRequestOptions (configurable via config and command line):
LogInit:  - bVerifyPeer = false  - Libcurl will NOT verify peer certificate
LogInit:  - bUseHttpProxy = false  - Libcurl will NOT use HTTP proxy
LogInit:  - bDontReuseConnections = false  - Libcurl will reuse connections
LogInit:  - CertBundlePath = nullptr  - Libcurl will use whatever was configured at build time.
LogInit: Build: ++UE4+Release-4.17-CL-3658906
LogInit: Engine Version: 4.17.2-3658906+++UE4+Release-4.17
LogInit: Compatible Engine Version: 4.17.0-3573198+++UE4+Release-4.17
LogInit: Net CL: 3573198
LogDevObjectVersion: Number of dev versions registered: 16
LogDevObjectVersion:   Dev-Blueprints (B0D832E4-1F89-4F0D-ACCF-7EB736FD4AA2): 10
LogDevObjectVersion:   Dev-Build (E1C64328-A22C-4D53-A36C-8E866417BD8C): 0
LogDevObjectVersion:   Dev-Core (375EC13C-06E4-48FB-B500-84F0262A717E): 2
LogDevObjectVersion:   Dev-Editor (E4B068ED-F494-42E9-A231-DA0B2E46BB41): 20
LogDevObjectVersion:   Dev-Framework (CFFC743F-43B0-4480-9391-14DF171D2073): 28
LogDevObjectVersion:   Dev-Mobile (B02B49B5-BB20-44E9-A304-32B752E40360): 0
LogDevObjectVersion:   Dev-Networking (A4E4105C-59A1-49B5-A7C5-40C4547EDFEE): 0
LogDevObjectVersion:   Dev-Online (39C831C9-5AE6-47DC-9A44-9C173E1C8E7C): 0
LogDevObjectVersion:   Dev-Physics (78F01B33-EBEA-4F98-B9B4-84EACCB95AA2): 0
LogDevObjectVersion:   Dev-Platform (6631380F-2D4D-43E0-8009-CF276956A95A): 0
LogDevObjectVersion:   Dev-Rendering (12F88B9F-8875-4AFC-A67C-D90C383ABD29): 19
LogDevObjectVersion:   Dev-Sequencer (7B5AE74C-D270-4C10-A958-57980B212A5A): 4
LogDevObjectVersion:   Dev-VR (D7296918-1DD6-4BDD-9DE2-64A83CC13884): 0
LogDevObjectVersion:   Dev-LoadTimes (C2A15278-BFE7-4AFE-6C17-90FF531DF755): 1
LogDevObjectVersion:   Private-Geometry (6EACA3D4-40EC-4CC1-B786-8BED09428FC5): 1
LogDevObjectVersion:   Dev-AnimPhys (29E575DD-E0A3-4627-9D10-D276232CDCEA): 7
LogInit: Compiled (64-bit): Sep 22 2017 13:47:16
LogInit: Compiled with Visual C++: 19.00.24215.01
LogInit: Build Configuration: Development
LogInit: Branch Name: ++UE4+Release-4.17
LogInit: Command line:  
LogInit: Base directory: C:/Program Files/Epic Games/UE_4.17/Engine/Binaries/Win64/
LogInit: Installed Engine Build: 1
LogInit: Presizing for max 8388607 objects, including 0 objects not considered by GC, pre-allocating 0 bytes for permanent pool.
LogInit: Object subsystem initialized
[2018.03.14-13.10.49:872][  0]LogInit: Selected Device Profile: [Windows]
[2018.03.14-13.10.49:872][  0]LogInit: Applying CVar settings loaded from the selected device profile: [Windows]
[2018.03.14-13.10.50:029][  0]LogInit: Computer: GAMES-105-012
[2018.03.14-13.10.50:029][  0]LogInit: User: Games
[2018.03.14-13.10.50:029][  0]LogInit: CPU Page size=4096, Cores=4
[2018.03.14-13.10.50:029][  0]LogInit: High frequency timer resolution =3.613277 MHz
[2018.03.14-13.10.50:029][  0]LogMemory: Memory total: Physical=15.9GB (16GB approx)
[2018.03.14-13.10.50:030][  0]LogMemory: Platform Memory Stats for Windows
[2018.03.14-13.10.50:030][  0]LogMemory: Process Physical Memory: 278.72 MB used, 278.72 MB peak
[2018.03.14-13.10.50:030][  0]LogMemory: Process Virtual Memory: 274.17 MB used, 274.17 MB peak
[2018.03.14-13.10.50:030][  0]LogMemory: Physical Memory: 4641.99 MB used,  11619.74 MB free, 16261.73 MB total
[2018.03.14-13.10.50:030][  0]LogMemory: Virtual Memory: 702.44 MB used,  11619.74 MB free, 134217728.00 MB total
[2018.03.14-13.10.51:812][  0]LogInit: Using OS detected language (en-US).
[2018.03.14-13.10.51:812][  0]LogInit: Using OS detected locale (en-US).
[2018.03.14-13.10.52:030][  0]LogTextLocalizationManager: No specific localization for 'en-US' exists, so the 'en' localization will be used.
[2018.03.14-13.10.58:441][  0]LogD3D11RHI: D3D11 adapters:
[2018.03.14-13.10.58:528][  0]LogD3D11RHI:    0. 'NVIDIA GeForce GTX 760' (Feature Level 11_0)
[2018.03.14-13.10.58:528][  0]LogD3D11RHI:       2017/0/8130 MB DedicatedVideo/DedicatedSystem/SharedSystem, Outputs:2, VendorId:0x10de
[2018.03.14-13.10.58:530][  0]LogD3D11RHI:    1. 'Microsoft Basic Render Driver' (Feature Level 11_0)
[2018.03.14-13.10.58:530][  0]LogD3D11RHI:       0/0/8130 MB DedicatedVideo/DedicatedSystem/SharedSystem, Outputs:0, VendorId:0x1414
[2018.03.14-13.10.58:530][  0]LogD3D11RHI: Chosen D3D11 Adapter: 0
[2018.03.14-13.10.58:537][  0]LogD3D11RHI: Creating new Direct3DDevice
[2018.03.14-13.10.58:537][  0]LogD3D11RHI:     GPU DeviceId: 0x1187 (for the marketing name, search the web for "GPU Device Id")
[2018.03.14-13.10.58:537][  0]LogWindows: EnumDisplayDevices:
[2018.03.14-13.10.58:537][  0]LogWindows:    0. 'NVIDIA GeForce GTX 760' (P:1 D:1)
[2018.03.14-13.10.58:537][  0]LogWindows:    1. 'NVIDIA GeForce GTX 760' (P:0 D:1)
[2018.03.14-13.10.58:537][  0]LogWindows:    2. 'NVIDIA GeForce GTX 760' (P:0 D:0)
[2018.03.14-13.10.58:537][  0]LogWindows:    3. 'NVIDIA GeForce GTX 760' (P:0 D:0)
[2018.03.14-13.10.58:537][  0]LogWindows: DebugString: GetVideoDriverDetailsInvalid PrimaryIsNotTheChoosenAdapter GetVideoDriverDetailsInvalid PrimaryIsNotTheChoosenAdapter GetVideoDriverDetailsInvalid PrimaryIsNotTheChoosenAdapter GetVideoDriverDetailsInvalid PrimaryIsNotTheChoosenAdapter FoundDriverCount:0 
[2018.03.14-13.10.58:537][  0]LogD3D11RHI:     Adapter Name: NVIDIA GeForce GTX 760
[2018.03.14-13.10.58:537][  0]LogD3D11RHI:   Driver Version: Unknown (internal:Unknown, unified:Unknown)
[2018.03.14-13.10.58:537][  0]LogD3D11RHI:      Driver Date: Unknown
[2018.03.14-13.10.58:537][  0]LogRHI: Texture pool is 1361 MB (70% of 1945 MB)
[2018.03.14-13.10.58:595][  0]LogD3D11RHI: Async texture creation enabled
[2018.03.14-13.10.58:945][  0]LogD3D11RHI: GPU Timing Frequency: 1000.000000 (Debug: 2 4)
[2018.03.14-13.10.59:086][  0]LogShaderCompilers: Guid format shader working directory is 1 characters bigger than the processId version (E:/Bandai Project/Game Files/Main Game Week 5/Intermediate/Shaders/WorkingDirectory/4620/).
[2018.03.14-13.10.59:086][  0]LogShaderCompilers: Cleaned the shader compiler working directory 'C:/Users/Games/AppData/Local/Temp/UnrealShaderWorkingDir/960444D64D2D8273B30AAFB030CE5E1E/'.
[2018.03.14-13.10.59:100][  0]LogShaderCompilers: Display: Using Local Shader Compiler.
[2018.03.14-13.11.04:817][  0]LogTemp: Display: Loaded TP AllDesktopTargetPlatform
[2018.03.14-13.11.04:908][  0]LogTemp: Display: Loaded TP MacClientTargetPlatform
[2018.03.14-13.11.04:975][  0]LogTemp: Display: Loaded TP MacNoEditorTargetPlatform
[2018.03.14-13.11.05:041][  0]LogTemp: Display: Loaded TP MacServerTargetPlatform
[2018.03.14-13.11.05:132][  0]LogTemp: Display: Loaded TP MacTargetPlatform
[2018.03.14-13.11.05:199][  0]LogTemp: Display: Loaded TP WindowsClientTargetPlatform
[2018.03.14-13.11.05:299][  0]LogTemp: Display: Loaded TP WindowsNoEditorTargetPlatform
[2018.03.14-13.11.05:365][  0]LogTemp: Display: Loaded TP WindowsServerTargetPlatform
[2018.03.14-13.11.05:498][  0]LogTemp: Display: Loaded TP WindowsTargetPlatform
[2018.03.14-13.11.05:636][  0]LogTemp: Display: Loaded TP AndroidTargetPlatform
[2018.03.14-13.11.05:783][  0]LogTemp: Display: Loaded TP Android_ASTCTargetPlatform
[2018.03.14-13.11.05:881][  0]LogTemp: Display: Loaded TP Android_ATCTargetPlatform
[2018.03.14-13.11.06:025][  0]LogTemp: Display: Loaded TP Android_DXTTargetPlatform
[2018.03.14-13.11.06:512][  0]LogTemp: Display: Loaded TP Android_ETC1TargetPlatform
[2018.03.14-13.11.06:678][  0]LogTemp: Display: Loaded TP Android_ETC2TargetPlatform
[2018.03.14-13.11.07:101][  0]LogTemp: Display: Loaded TP Android_MultiTargetPlatform
[2018.03.14-13.11.07:101][  0]LogTemp: Display: Loaded TP Android_PVRTCTargetPlatform
[2018.03.14-13.11.07:461][  0]LogTemp: Display: Loaded TP HTML5TargetPlatform
[2018.03.14-13.11.07:645][  0]LogTemp: Display: Loaded TP IOSTargetPlatform
[2018.03.14-13.11.07:734][  0]LogTemp: Display: Loaded TP TVOSTargetPlatform
[2018.03.14-13.11.07:806][  0]LogTemp: Display: Loaded TP LinuxClientTargetPlatform
[2018.03.14-13.11.07:889][  0]LogTemp: Display: Loaded TP LinuxNoEditorTargetPlatform
[2018.03.14-13.11.07:962][  0]LogTemp: Display: Loaded TP LinuxServerTargetPlatform
[2018.03.14-13.11.08:068][  0]LogTemp: Display: Loaded TP LinuxTargetPlatform
[2018.03.14-13.11.08:068][  0]LogTargetPlatformManager: Display: Building Assets For Windows
[2018.03.14-13.11.09:333][  0]LogDerivedDataCache: Display: Max Cache Size: 512 MB
[2018.03.14-13.11.10:205][  0]LogDerivedDataCache: Loaded boot cache 0.87s 93MB C:/Users/Games/AppData/Local/UnrealEngine/4.17/DerivedDataCache/Boot.ddc.
[2018.03.14-13.11.10:205][  0]LogDerivedDataCache: Display: Loaded Boot cache: C:/Users/Games/AppData/Local/UnrealEngine/4.17/DerivedDataCache/Boot.ddc
[2018.03.14-13.11.10:205][  0]LogDerivedDataCache: FDerivedDataBackendGraph:  Pak pak cache file E:/Bandai Project/Game Files/Main Game Week 5/DerivedDataCache/DDC.ddp not found, will not use a pak cache.
[2018.03.14-13.11.10:205][  0]LogDerivedDataCache: Unable to find inner node Pak for hierarchical cache Hierarchy.
[2018.03.14-13.11.10:205][  0]LogDerivedDataCache: FDerivedDataBackendGraph:  CompressedPak pak cache file E:/Bandai Project/Game Files/Main Game Week 5/DerivedDataCache/Compressed.ddp not found, will not use a pak cache.
[2018.03.14-13.11.10:205][  0]LogDerivedDataCache: Unable to find inner node CompressedPak for hierarchical cache Hierarchy.
[2018.03.14-13.11.10:375][  0]LogDerivedDataCache: Display: Pak cache opened for reading ../../../Engine/DerivedDataCache/Compressed.ddp.
[2018.03.14-13.11.10:406][  0]LogDerivedDataCache: Using Local data cache path C:/Users/Games/AppData/Local/UnrealEngine/Common/DerivedDataCache: Writable
[2018.03.14-13.11.10:453][  0]LogMaterial: Verifying Global Shaders for PCD3D_SM5
[2018.03.14-13.11.10:491][  0]LogSlate: Using Freetype 2.6.0
[2018.03.14-13.11.10:537][  0]LogSlate: SlateFontCache - WITH_FREETYPE: 1, WITH_HARFBUZZ: 1
[2018.03.14-13.11.10:553][  0]LogSlate: SlateFontCache - WITH_FREETYPE: 1, WITH_HARFBUZZ: 1
[2018.03.14-13.11.18:141][  0]LogAssetRegistry: FAssetRegistry took 0.0406 seconds to start up
[2018.03.14-13.11.18:870][  0]LogInit: Selected Device Profile: [Windows]
[2018.03.14-13.11.24:057][  0]LogSimplygon: Simplygon DLL not present - disabling.
[2018.03.14-13.11.24:245][  0]LogMeshReduction: Using SimplygonSwarm for distributed automatic mesh merging
[2018.03.14-13.11.24:251][  0]LogMeshReduction: Using QuadricMeshReduction for automatic static mesh reduction
[2018.03.14-13.11.24:251][  0]LogMeshReduction: No automatic skeletal mesh reduction module available
[2018.03.14-13.11.24:251][  0]LogMeshReduction: No automatic mesh merging module available
[2018.03.14-13.11.24:251][  0]LogMeshMerging: No automatic mesh merging module available
[2018.03.14-13.11.24:675][  0]LogContentStreaming: Texture pool size is 0.00 MB
[2018.03.14-13.11.29:967][  0]LogNetVersion: Group_9_Game_Project , NetCL: 3573198, EngineNetVer: 2, GameNetVer: 0 (Checksum: 2920196431)
[2018.03.14-13.11.32:382][  0]LogPackageLocalizationCache: Processed 5 localized package path(s) for 2 prioritized culture(s) in 0.429503 seconds
[2018.03.14-13.11.32:406][  0]LogUObjectArray: 35825 objects as part of root set at end of initial load.
[2018.03.14-13.11.32:406][  0]LogUObjectAllocator: 7529112 out of 0 bytes used by permanent object pool.
[2018.03.14-13.11.32:406][  0]LogUObjectArray: CloseDisregardForGC: 0/0 objects in disregard for GC pool
[2018.03.14-13.11.32:528][  0]LogInit: WinSock: version 1.1 (2.2), MaxSocks=32767, MaxUdp=65467
[2018.03.14-13.12.10:054][  0]LogTcpMessaging: Initializing TcpMessaging bridge
[2018.03.14-13.12.10:138][  0]LogUdpMessaging: Initializing bridge on interface 0.0.0.0:0 to multicast group 230.0.0.1:6666.
[2018.03.14-13.12.12:516][  0]LogMaterial: Uniform references updated for custom material expression Custom.
[2018.03.14-13.12.13:268][  0]SourceControl: Source control is disabled
[2018.03.14-13.12.13:268][  0]SourceControl: Source control is disabled
[2018.03.14-13.12.13:368][  0]SourceControl: Source control is disabled
[2018.03.14-13.12.13:466][  0]SourceControl: Source control is disabled
[2018.03.14-13.12.14:925][  0]LogAndroidPermission: UAndroidPermissionCallbackProxy::GetInstance
[2018.03.14-13.12.15:275][  0]LogOcInput: OculusInput pre-init called
[2018.03.14-13.12.16:067][  0]LogEngine: Initializing Engine...
[2018.03.14-13.12.16:113][  0]LogHMD: Failed to initialize OpenVR with code 110
[2018.03.14-13.12.16:553][  0]LogStats: UGameplayTagsManager::ConstructGameplayTagTree: Construct from data asset -  0.000 s
[2018.03.14-13.12.16:553][  0]LogStats: UGameplayTagsManager::ConstructGameplayTagTree: GameplayTagTreeChangedEvent.Broadcast -  0.000 s
[2018.03.14-13.12.16:979][  0]LogAIModule: Creating AISystem for world Untitled
[2018.03.14-13.12.17:114][  0]LogInit: XAudio2 using 'Headphones (High Definition Audio Device)' : 2 channels at 44.1 kHz using 16 bits per sample (channel mask 0x3)
[2018.03.14-13.12.17:153][  0]LogInit: FAudioDevice initialized.
[2018.03.14-13.12.17:300][  0]LogDerivedDataCache: Saved boot cache 0.15s 93MB C:/Users/Games/AppData/Local/UnrealEngine/4.17/DerivedDataCache/Boot.ddc.
[2018.03.14-13.12.17:336][  0]LogInit: Texture streaming: Enabled
[2018.03.14-13.12.17:772][  0]LogEngineSessionManager: EngineSessionManager initialized
[2018.03.14-13.12.18:779][  0]LogInit: Transaction tracking system initialized
[2018.03.14-13.12.20:457][  0]BlueprintLog: New page: Editor Load
[2018.03.14-13.12.24:681][  0]LocalizationService: Localization service is disabled
[2018.03.14-13.12.27:239][  0]LogConsoleResponse: Display: 
[2018.03.14-13.12.29:634][  0]LogFileCache: Scanning file cache for directory 'E:/Bandai Project/Game Files/Main Game Week 5/Content/' took 0.03s
[2018.03.14-13.12.29:634][  0]LogCook: Display: Max memory allowance for cook 16384mb min free memory 0mb
[2018.03.14-13.12.29:634][  0]LogCook: Display: Mobile HDR setting 1
[2018.03.14-13.12.29:655][  0]LogGameplayTags: Display: UGameplayTagsManager::DoneAddingNativeTags. DelegateIsBound: 0
[2018.03.14-13.12.34:756][  0]SourceControl: Source control is disabled
[2018.03.14-13.12.34:820][  0]Cmd: MAP LOAD FILE="E:/Bandai Project/Game Files/Main Game Week 5/Content/Levels/Main_Level.umap" TEMPLATE=0 SHOWPROGRESS=1 FEATURELEVEL=3
[2018.03.14-13.12.34:851][  0]LightingResults: New page: Lighting Build
[2018.03.14-13.12.35:071][  0]MapCheck: New page: Map Check
[2018.03.14-13.12.35:071][  0]LightingResults: New page: Lighting Build
[2018.03.14-13.12.37:661][  0]LogTexture: Display: Building textures: Destroyer_Placeholder (AutoDXT, 64X32)
[2018.03.14-13.12.37:661][  0]LogTexture: Display: Building textures: Seaweed_Finished_ (BGRA8, 600X250)
[2018.03.14-13.12.37:923][  0]LogMaterial: Missing cached shader map for material Seaweed_Transparency, compiling. 
[2018.03.14-13.12.38:320][  0]LogTexture: Display: Building textures: Japanese_basic_sub (AutoDXT, 512X256)
[2018.03.14-13.12.38:320][  0]LogTexture: Display: Building textures: Torpedo_Placeholder (AutoDXT, 32X16)
[2018.03.14-13.12.38:320][  0]LogTexture: Display: Building textures: Underwater_Mine (BGRA8, 450X470)
[2018.03.14-13.12.38:320][  0]LogTexture: Display: Building textures: Depth_Charge_Placeholder (AutoDXT, 32X64)
[2018.03.14-13.12.38:320][  0]LogMaterial: Missing cached shader map for material Seaweed_Material, compiling. 
[2018.03.14-13.12.38:945][  0]LogMaterial: Missing cached shader map for material Mine_Material, compiling. 
[2018.03.14-13.12.39:025][  0]LogMaterial: Missing cached shader map for material Explosion_Material, compiling. 
[2018.03.14-13.12.39:227][  0]LogMaterial: Missing cached shader map for material Depth_Charge_Material, compiling. 
[2018.03.14-13.12.39:431][  0]LogAIModule: Creating AISystem for world Main_Level
[2018.03.14-13.12.40:282][  0]LogEditorServer: Finished looking for orphan Actors (0.000 secs)
[2018.03.14-13.12.40:675][  0]Cmd: MAP CHECKDEP NOCLEARLOG
[2018.03.14-13.12.40:830][  0]MapCheck: Map check complete: 0 Error(s), 0 Warning(s), took 154.078ms to complete.
[2018.03.14-13.12.40:830][  0]LogFileHelpers: Loading map 'Main_Level' took 6.035
[2018.03.14-13.12.45:285][  0]LogCollectionManager: Loaded 0 collections in 0.004341 seconds
[2018.03.14-13.12.46:140][  0]LogFileCache: Scanning file cache for directory 'E:/Bandai Project/Game Files/Main Game Week 5/Saved/Collections/' took 0.01s
[2018.03.14-13.12.46:141][  0]LogFileCache: Scanning file cache for directory 'E:/Bandai Project/Game Files/Main Game Week 5/Content/Developers/Games/Collections/' took 0.01s
[2018.03.14-13.12.46:141][  0]LogFileCache: Scanning file cache for directory 'E:/Bandai Project/Game Files/Main Game Week 5/Content/Collections/' took 0.01s
[2018.03.14-13.12.46:141][  0]LogCollectionManager: Rebuilt the GUID cache for 0 collections in 0.000001 seconds
[2018.03.14-13.12.46:209][  0]LogContentBrowser: Native class hierarchy populated in 0.0162 seconds. Added 2386 classes and 500 folders.
[2018.03.14-13.12.46:429][  0]LogContentBrowser: Native class hierarchy updated for 'WidgetCarousel' in 0.0080 seconds. Added 0 classes and 0 folders.
[2018.03.14-13.12.49:704][  0]LogContentBrowser: Native class hierarchy updated for 'AddContentDialog' in 0.0010 seconds. Added 0 classes and 0 folders.
[2018.03.14-13.12.49:961][  0]LogContentBrowser: Native class hierarchy updated for 'SceneOutliner' in 0.0015 seconds. Added 1 classes and 2 folders.
[2018.03.14-13.12.51:817][  0]LogSlate: Took 0.140784 seconds to synchronously load lazily loaded font '../../../Engine/Content/Slate/Fonts/Roboto-Regular.ttf' (155K)
[2018.03.14-13.12.51:861][  0]LogSlate: Took 0.023404 seconds to synchronously load lazily loaded font '../../../Engine/Content/Slate/Fonts/Roboto-Bold.ttf' (160K)
[2018.03.14-13.12.51:934][  0]LogSlate: Took 0.018685 seconds to synchronously load lazily loaded font '../../../Engine/Content/Editor/Slate/Fonts/FontAwesome.ttf' (139K)
[2018.03.14-13.12.52:236][  0]LogRenderer: Reallocating scene render targets to support 680x440 Format 10 NumSamples 1 (Frame:1).
[2018.03.14-13.12.53:225][  0]LogContentBrowser: Native class hierarchy updated for 'HierarchicalLODOutliner' in 0.0009 seconds. Added 1 classes and 2 folders.
[2018.03.14-13.12.53:225][  0]LogLoad: (Engine Initialization) Total time: 142.73 seconds
[2018.03.14-13.12.53:225][  0]LogLoad: (Engine Initialization) Total Blueprint compile time: 0.00 seconds
[2018.03.14-13.12.53:225][  0]LogExternalProfiler: Found external profiler: VSPerf
[2018.03.14-13.12.53:225][  0]LogExternalProfiler: Using external profiler: VSPerf
[2018.03.14-13.12.53:611][  0]LoadErrors: Error: /Game/Art/Obstacles/Seaweed_Finished__Sprite : Failed import for MaterialInstanceConstant /Game/Art/Materials/Seaweed_Transparency.Seaweed_Transparency Referenced by export PaperSprite /Game/Art/Obstacles/Seaweed_Finished__Sprite.Seaweed_Finished__Sprite
[2018.03.14-13.12.53:684][  0]LogContentStreaming: Texture pool size now 1000 MB
[2018.03.14-13.12.54:030][  0]LogSlate: Took 0.030253 seconds to synchronously load lazily loaded font '../../../Engine/Content/Slate/Fonts/Roboto-Light.ttf' (159K)
[2018.03.14-13.12.54:474][  2]LogAssetRegistry: Asset discovery search completed in 96.3553 seconds
[2018.03.14-13.12.54:477][  2]LogCollectionManager: Rebuilt the object cache for 0 collections in 0.000002 seconds (found 0 objects)
[2018.03.14-13.12.54:477][  2]LogCollectionManager: Fixed up redirectors for 0 collections in 0.000122 seconds (updated 0 objects)
[2018.03.14-13.13.06:625][611]LogTemp: Repeating last play command: Selected Viewport
[2018.03.14-13.13.07:108][611]LogBlueprintUserMessages: Early PlayInEditor Detection: Level '/Game/Levels/Main_Level.Main_Level:PersistentLevel' has LevelScriptBlueprint '/Game/Levels/Main_Level.Main_Level:PersistentLevel.Main_Level' with GeneratedClass '/Game/Levels/Main_Level.Main_Level_C' with ClassGeneratedBy '/Game/Levels/Main_Level.Main_Level:PersistentLevel.Main_Level'
[2018.03.14-13.13.07:108][611]LogPlayLevel: PlayLevel: No blueprints needed recompiling
[2018.03.14-13.13.07:147][611]PIE: New page: PIE session: Main_Level (Mar 14, 2018, 1:13:07 PM)
[2018.03.14-13.13.07:147][611]LogPlayLevel: Creating play world package: /Game/Levels/UEDPIE_0_Main_Level
[2018.03.14-13.13.07:178][611]LogPlayLevel: PIE: StaticDuplicateObject took: (0.029878s)
[2018.03.14-13.13.07:179][611]LogAIModule: Creating AISystem for world Main_Level
[2018.03.14-13.13.07:180][611]LogPlayLevel: PIE: World Init took: (0.001840s)
[2018.03.14-13.13.07:180][611]LogPlayLevel: PIE: Created PIE world by copying editor world from /Game/Levels/Main_Level.Main_Level to /Game/Levels/UEDPIE_0_Main_Level.Main_Level (0.032383s)
[2018.03.14-13.13.07:219][611]LogInit: XAudio2 using 'Headphones (High Definition Audio Device)' : 2 channels at 44.1 kHz using 16 bits per sample (channel mask 0x3)
[2018.03.14-13.13.07:234][611]LogInit: FAudioDevice initialized.
[2018.03.14-13.13.07:307][611]LogLoad: Game class is 'GameModeBase'
[2018.03.14-13.13.07:315][611]LogWorld: Bringing World /Game/Levels/UEDPIE_0_Main_Level.Main_Level up for play (max tick rate 0) at 2018.03.14-13.13.07
[2018.03.14-13.13.07:348][611]LogWorld: Bringing up level for play took: 0.035630
[2018.03.14-13.13.07:474][611]LogContentBrowser: Native class hierarchy updated for 'MovieSceneCapture' in 0.0007 seconds. Added 11 classes and 0 folders.
[2018.03.14-13.13.07:521][611]PIE: Play in editor start time for /Game/Levels/UEDPIE_0_Main_Level 1.148
[2018.03.14-13.13.07:521][611]LogBlueprintUserMessages: Late PlayInEditor Detection: Level '/Game/Levels/Main_Level.Main_Level:PersistentLevel' has LevelScriptBlueprint '/Game/Levels/Main_Level.Main_Level:PersistentLevel.Main_Level' with GeneratedClass '/Game/Levels/Main_Level.Main_Level_C' with ClassGeneratedBy '/Game/Levels/Main_Level.Main_Level:PersistentLevel.Main_Level'
[2018.03.14-13.13.10:544][924]LogBlueprintUserMessages: [P2_Sub_62] Reloaded (P2)
[2018.03.14-13.13.12:160][118]LogBlueprintUserMessages: [Obstacle_Mine_C_0] Mine Spawned
[2018.03.14-13.13.12:735][187]LogBlueprintUserMessages: [P2_Sub_62] Reloaded (P2)
[2018.03.14-13.13.14:859][442]LogBlueprintUserMessages: [P2_Sub_62] Reloaded (P2)
[2018.03.14-13.13.16:226][606]LogBlueprintUserMessages: [P2_Sub_62] Reloaded (P2)
[2018.03.14-13.13.16:543][642]LogBlueprintUserMessages: [P2_Conventional_Torpedo_C_0] Torpedo Timed out (P2)
[2018.03.14-13.13.17:158][716]LogBlueprintUserMessages: [Seaweed_Clump_C_0] Seaweed Spawned
[2018.03.14-13.13.17:166][717]LogBlueprintUserMessages: [Obstacle_Mine_C_1] Mine Spawned
[2018.03.14-13.13.18:133][833]LogBlueprintUserMessages: [Obstacle_Depth_Charge_C_0] Depth Charge Spawned
[2018.03.14-13.13.18:133][833]LogBlueprintUserMessages: [Obstacle_Depth_Charge_C_1] Depth Charge Spawned
[2018.03.14-13.13.18:742][906]LogBlueprintUserMessages: [P2_Conventional_Torpedo_C_1] Torpedo Timed out (P2)
[2018.03.14-13.13.19:056][935]LogBlueprintUserMessages: [P2_Conventional_Torpedo_C_3] Hit confirmed, destroying torpedo (P2)
[2018.03.14-13.13.19:056][935]LogBlueprintUserMessages: [P1_Sub_49] Player 1 has been hit (Conventional Torpedo)
[2018.03.14-13.13.19:056][935]LogBlueprintUserMessages: [P1_Sub_49] 0.8
[2018.03.14-13.13.20:288][ 74]LogBlueprintUserMessages: [P1_Sub_49] Player 1caught in seaweed, speed reduced
[2018.03.14-13.13.20:655][118]LogBlueprintUserMessages: [Obstacle_Depth_Charge_C_0] Depth Charge Detonated
[2018.03.14-13.13.20:863][143]LogBlueprintUserMessages: [P2_Conventional_Torpedo_C_2] Torpedo Timed out (P2)
[2018.03.14-13.13.21:888][266]LogBlueprintUserMessages: [P2_Sub_62] Reloaded (P2)
[2018.03.14-13.13.22:172][300]LogBlueprintUserMessages: [Obstacle_Mine_C_2] Mine Spawned
[2018.03.14-13.13.22:905][388]LogBlueprintUserMessages: [Obstacle_Depth_Charge_C_1] Depth Charge Detonated
[2018.03.14-13.13.23:313][437]LogBlueprintUserMessages: [P2_Sub_62] Player 2 has been hit (Naval Mine)
[2018.03.14-13.13.23:313][437]LogBlueprintUserMessages: [P2_Sub_62] 0.5
[2018.03.14-13.13.24:372][564]LogBlueprintUserMessages: [P1_Sub_49] Reloaded (P1)
[2018.03.14-13.13.24:655][598]LogBlueprintUserMessages: [Obstacle_Mine_C_0] Mine off screen, deleting
[2018.03.14-13.13.25:347][681]LogBlueprintUserMessages: [P1_Sub_49] Cannot Fire, Reloading
[2018.03.14-13.13.25:480][697]LogBlueprintUserMessages: [P1_Sub_49] Player 1 has left the seaweed, speed restored
[2018.03.14-13.13.25:555][706]LogBlueprintUserMessages: [P1_Sub_49] Player 1caught in seaweed, speed reduced
[2018.03.14-13.13.25:605][712]LogBlueprintUserMessages: [P1_Sub_49] Cannot Fire, Reloading
[2018.03.14-13.13.25:655][718]LogBlueprintUserMessages: [P1_Sub_49] Player 1 has left the seaweed, speed restored
[2018.03.14-13.13.25:880][745]LogBlueprintUserMessages: [P1_Sub_49] Cannot Fire, Reloading
[2018.03.14-13.13.25:922][750]LogBlueprintUserMessages: [P1_Sub_49] Reloaded (P1)
[2018.03.14-13.13.26:247][789]LogBlueprintUserMessages: [P1_Sub_49] Player 1 has been hit (Naval Mine)
[2018.03.14-13.13.26:247][789]LogBlueprintUserMessages: [P1_Sub_49] 0.3
[2018.03.14-13.13.26:347][801]LogBlueprintUserMessages: [P1_Sub_49] Cannot Fire, Reloading
[2018.03.14-13.13.26:547][825]LogBlueprintUserMessages: [P1_Sub_49] Cannot Fire, Reloading
[2018.03.14-13.13.27:122][894]LogBlueprintUserMessages: [P1_Sub_49] Reloaded (P1)
[2018.03.14-13.13.27:164][899]LogBlueprintUserMessages: [Seaweed_Clump_C_1] Seaweed Spawned
[2018.03.14-13.13.27:172][900]LogBlueprintUserMessages: [Obstacle_Mine_C_3] Mine Spawned
[2018.03.14-13.13.27:888][986]LogBlueprintUserMessages: [P2_Conventional_Torpedo_C_4] Torpedo Timed out (P2)
[2018.03.14-13.13.30:372][284]LogBlueprintUserMessages: [P1_Conventional_Torpedo_C_0] Torpedo Timed out (P1)
[2018.03.14-13.13.31:922][470]LogBlueprintUserMessages: [P1_Conventional_Torpedo_C_1] Torpedo Timed out (P1)
[2018.03.14-13.13.32:172][500]LogBlueprintUserMessages: [Obstacle_Mine_C_4] Mine Spawned
[2018.03.14-13.13.33:122][614]LogBlueprintUserMessages: [P1_Conventional_Torpedo_C_2] Torpedo Timed out (P1)
[2018.03.14-13.13.33:822][698]LogBlueprintUserMessages: [Seaweed_Clump_C_0] Seaweed off screen, deleting
[2018.03.14-13.13.37:164][ 99]LogBlueprintUserMessages: [Seaweed_Clump_C_2] Seaweed Spawned
[2018.03.14-13.13.37:173][100]LogBlueprintUserMessages: [Obstacle_Mine_C_5] Mine Spawned
[2018.03.14-13.13.37:922][190]LogBlueprintUserMessages: [P1_Sub_49] Player 1 has been hit (Naval Mine)
[2018.03.14-13.13.37:922][190]LogBlueprintUserMessages: [P1_Sub_49] -0.2
[2018.03.14-13.13.37:922][190]LogBlueprintUserMessages: [P1_Sub_49] P1 Destroyed
[2018.03.14-13.13.46:948][264]LogNet: Browse: /Game/Levels/Main_Menu
[2018.03.14-13.13.46:948][264]LogLoad: LoadMap: /Game/Levels/Main_Menu
[2018.03.14-13.13.46:979][264]Cmd: MEM
[2018.03.14-13.13.47:042][264]LogMemory: Platform Memory Stats for Windows
[2018.03.14-13.13.47:042][264]LogMemory: Process Physical Memory: 1074.54 MB used, 1229.08 MB peak
[2018.03.14-13.13.47:042][264]LogMemory: Process Virtual Memory: 1387.04 MB used, 1470.98 MB peak
[2018.03.14-13.13.47:042][264]LogMemory: Physical Memory: 5901.78 MB used,  10359.95 MB free, 16261.73 MB total
[2018.03.14-13.13.47:042][264]LogMemory: Virtual Memory: 2254.38 MB used,  10359.95 MB free, 134217728.00 MB total
[2018.03.14-13.13.47:042][264]LogMemory: 
[2018.03.14-13.13.47:042][264]Allocator Stats for TBB: (not implemented)
[2018.03.14-13.13.47:922][264]LogAIModule: Creating AISystem for world Main_Menu
[2018.03.14-13.13.47:922][264]LogLoad: Game class is 'GameModeBase'
[2018.03.14-13.13.47:924][264]LogWorld: Bringing World /Game/Levels/UEDPIE_0_Main_Menu.Main_Menu up for play (max tick rate 0) at 2018.03.14-13.13.47
[2018.03.14-13.13.47:924][264]LogWorld: Bringing up level for play took: 0.001237
[2018.03.14-13.13.47:925][264]LogGameMode: FindPlayerStart: PATHS NOT DEFINED or NO PLAYERSTART with positive rating
[2018.03.14-13.13.47:928][264]LogLoad: Took 0.979429 seconds to LoadMap(/Game/Levels/Main_Menu)
[2018.03.14-13.13.49:075][394]LogBlueprintUserMessages: Early EndPlayMap Detection: Level '/Game/Levels/Main_Level.Main_Level:PersistentLevel' has LevelScriptBlueprint '/Game/Levels/Main_Level.Main_Level:PersistentLevel.Main_Level' with GeneratedClass '/Game/Levels/Main_Level.Main_Level_C' with ClassGeneratedBy '/Game/Levels/Main_Level.Main_Level:PersistentLevel.Main_Level'
[2018.03.14-13.13.49:129][394]LogBlueprintUserMessages: Late EndPlayMap Detection: Level '/Game/Levels/Main_Level.Main_Level:PersistentLevel' has LevelScriptBlueprint '/Game/Levels/Main_Level.Main_Level:PersistentLevel.Main_Level' with GeneratedClass '/Game/Levels/Main_Level.Main_Level_C' with ClassGeneratedBy '/Game/Levels/Main_Level.Main_Level:PersistentLevel.Main_Level'
