Log file open, 03/17/18 14:49:55
LogWindows: LoadLibraryWithSearchPaths failed for file aqProf.dll. GetLastError=0
LogWindows: LoadLibraryWithSearchPaths failed for file VtuneApi.dll. GetLastError=0
LogWindows: LoadLibraryWithSearchPaths failed for file VtuneApi32e.dll. GetLastError=0
LogInit: Display: Running engine for game: Group_9_Game_Project
LogPlatformFile: Not using cached read wrapper
LogInit: Display: RandInit(117109843) SRandInit(117109843).
LogTaskGraph: Started task graph with 5 named threads and 11 total threads with 3 sets of task threads.
LogStats: Stats thread started at 0.210604
LogD3D11RHI: Aftermath initialized
LogPluginManager: Mounting plugin Paper2D
LogPluginManager: Mounting plugin LightPropagationVolume
LogPluginManager: Mounting plugin CodeLiteSourceCodeAccess
LogPluginManager: Mounting plugin GitSourceControl
LogPluginManager: Mounting plugin KDevelopSourceCodeAccess
LogPluginManager: Mounting plugin NullSourceCodeAccess
LogPluginManager: Mounting plugin PerforceSourceControl
LogPluginManager: Mounting plugin SubversionSourceControl
LogPluginManager: Mounting plugin UObjectPlugin
LogPluginManager: Mounting plugin VisualStudioSourceCodeAccess
LogPluginManager: Mounting plugin XCodeSourceCodeAccess
LogPluginManager: Mounting plugin AssetManagerEditor
LogPluginManager: Mounting plugin AudioCapture
LogPluginManager: Mounting plugin FacialAnimation
LogPluginManager: Mounting plugin GameplayTagsEditor
LogPluginManager: Mounting plugin MobileLauncherProfileWizard
LogPluginManager: Mounting plugin PluginBrowser
LogPluginManager: Mounting plugin SpeedTreeImporter
LogPluginManager: Mounting plugin AlembicImporter
LogPluginManager: Mounting plugin CharacterAI
LogPluginManager: Mounting plugin HTML5Networking
LogPluginManager: Mounting plugin AndroidMedia
LogPluginManager: Mounting plugin AvfMedia
LogPluginManager: Mounting plugin MediaPlayerEditor
LogPluginManager: Mounting plugin WmfMedia
LogPluginManager: Mounting plugin TcpMessaging
LogPluginManager: Mounting plugin UdpMessaging
LogPluginManager: Mounting plugin LevelSequenceEditor
LogPluginManager: Mounting plugin MatineeToLevelSequence
LogPluginManager: Mounting plugin OnlineSubsystemGooglePlay
LogPluginManager: Mounting plugin OnlineSubsystemIOS
LogPluginManager: Mounting plugin OnlineSubsystem
LogPluginManager: Mounting plugin OnlineSubsystemNull
LogPluginManager: Mounting plugin OnlineSubsystemUtils
LogPluginManager: Mounting plugin AndroidDeviceProfileSelector
LogPluginManager: Mounting plugin AndroidMoviePlayer
LogPluginManager: Mounting plugin AndroidPermission
LogPluginManager: Mounting plugin AppleMoviePlayer
LogPluginManager: Mounting plugin ArchVisCharacter
LogPluginManager: Mounting plugin CableComponent
LogPluginManager: Mounting plugin CustomMeshComponent
LogPluginManager: Mounting plugin ExampleDeviceProfileSelector
LogPluginManager: Mounting plugin GoogleCloudMessaging
LogPluginManager: Mounting plugin ImmediatePhysics
LogPluginManager: Mounting plugin IOSDeviceProfileSelector
LogPluginManager: Mounting plugin LinuxDeviceProfileSelector
LogPluginManager: Mounting plugin LocationServicesBPLibrary
LogPluginManager: Mounting plugin MobilePatchingUtils
LogPluginManager: Mounting plugin OculusVR
LogPluginManager: Mounting plugin PhysXVehicles
LogPluginManager: Mounting plugin ProceduralMeshComponent
LogPluginManager: Mounting plugin RuntimePhysXCooking
LogPluginManager: Mounting plugin SteamVR
LogPluginManager: Mounting plugin WindowsMoviePlayer
LogInit: Using libcurl 7.47.1
LogInit:  - built for x86_64-pc-win32
LogInit:  - supports SSL with OpenSSL/1.0.2g
LogInit:  - supports HTTP deflate (compression) using libz 1.2.8
LogInit:  - other features:
LogInit:      CURL_VERSION_SSL
LogInit:      CURL_VERSION_LIBZ
LogInit:      CURL_VERSION_IPV6
LogInit:      CURL_VERSION_ASYNCHDNS
LogInit:      CURL_VERSION_LARGEFILE
LogInit:      CURL_VERSION_IDN
LogInit:  CurlRequestOptions (configurable via config and command line):
LogInit:  - bVerifyPeer = false  - Libcurl will NOT verify peer certificate
LogInit:  - bUseHttpProxy = false  - Libcurl will NOT use HTTP proxy
LogInit:  - bDontReuseConnections = false  - Libcurl will reuse connections
LogInit:  - CertBundlePath = nullptr  - Libcurl will use whatever was configured at build time.
LogInit: Build: ++UE4+Release-4.17-CL-3586342
LogInit: Engine Version: 4.17.1-3586342+++UE4+Release-4.17
LogInit: Compatible Engine Version: 4.17.0-3573198+++UE4+Release-4.17
LogInit: Net CL: 3573198
LogDevObjectVersion: Number of dev versions registered: 16
LogDevObjectVersion:   Dev-Blueprints (B0D832E4-1F89-4F0D-ACCF-7EB736FD4AA2): 10
LogDevObjectVersion:   Dev-Build (E1C64328-A22C-4D53-A36C-8E866417BD8C): 0
LogDevObjectVersion:   Dev-Core (375EC13C-06E4-48FB-B500-84F0262A717E): 2
LogDevObjectVersion:   Dev-Editor (E4B068ED-F494-42E9-A231-DA0B2E46BB41): 20
LogDevObjectVersion:   Dev-Framework (CFFC743F-43B0-4480-9391-14DF171D2073): 28
LogDevObjectVersion:   Dev-Mobile (B02B49B5-BB20-44E9-A304-32B752E40360): 0
LogDevObjectVersion:   Dev-Networking (A4E4105C-59A1-49B5-A7C5-40C4547EDFEE): 0
LogDevObjectVersion:   Dev-Online (39C831C9-5AE6-47DC-9A44-9C173E1C8E7C): 0
LogDevObjectVersion:   Dev-Physics (78F01B33-EBEA-4F98-B9B4-84EACCB95AA2): 0
LogDevObjectVersion:   Dev-Platform (6631380F-2D4D-43E0-8009-CF276956A95A): 0
LogDevObjectVersion:   Dev-Rendering (12F88B9F-8875-4AFC-A67C-D90C383ABD29): 19
LogDevObjectVersion:   Dev-Sequencer (7B5AE74C-D270-4C10-A958-57980B212A5A): 4
LogDevObjectVersion:   Dev-VR (D7296918-1DD6-4BDD-9DE2-64A83CC13884): 0
LogDevObjectVersion:   Dev-LoadTimes (C2A15278-BFE7-4AFE-6C17-90FF531DF755): 1
LogDevObjectVersion:   Private-Geometry (6EACA3D4-40EC-4CC1-B786-8BED09428FC5): 1
LogDevObjectVersion:   Dev-AnimPhys (29E575DD-E0A3-4627-9D10-D276232CDCEA): 7
LogInit: Compiled (64-bit): Aug 15 2017 02:05:26
LogInit: Compiled with Visual C++: 19.00.24215.01
LogInit: Build Configuration: Development
LogInit: Branch Name: ++UE4+Release-4.17
LogInit: Command line:  
LogInit: Base directory: C:/Program Files/Epic Games/UE_4.17/Engine/Binaries/Win64/
LogInit: Installed Engine Build: 1
LogInit: Presizing for max 8388607 objects, including 0 objects not considered by GC, pre-allocating 0 bytes for permanent pool.
LogInit: Object subsystem initialized
[2018.03.17-14.50.00:847][  0]LogInit: Selected Device Profile: [Windows]
[2018.03.17-14.50.00:847][  0]LogInit: Applying CVar settings loaded from the selected device profile: [Windows]
[2018.03.17-14.50.00:889][  0]LogInit: Computer: THEBIGBLACKBOX
[2018.03.17-14.50.00:889][  0]LogInit: User: Dougmund
[2018.03.17-14.50.00:889][  0]LogInit: CPU Page size=4096, Cores=3
[2018.03.17-14.50.00:889][  0]LogInit: High frequency timer resolution =3.825898 MHz
[2018.03.17-14.50.00:889][  0]LogMemory: Memory total: Physical=8.0GB (8GB approx)
[2018.03.17-14.50.00:889][  0]LogMemory: Platform Memory Stats for Windows
[2018.03.17-14.50.00:890][  0]LogMemory: Process Physical Memory: 281.06 MB used, 281.06 MB peak
[2018.03.17-14.50.00:890][  0]LogMemory: Process Virtual Memory: 284.68 MB used, 284.68 MB peak
[2018.03.17-14.50.00:890][  0]LogMemory: Physical Memory: 3951.92 MB used,  4222.20 MB free, 8174.12 MB total
[2018.03.17-14.50.00:890][  0]LogMemory: Virtual Memory: 659.25 MB used,  4222.20 MB free, 8388608.00 MB total
[2018.03.17-14.50.02:790][  0]LogInit: Using OS detected language (en-GB).
[2018.03.17-14.50.02:790][  0]LogInit: Using OS detected locale (en-GB).
[2018.03.17-14.50.02:803][  0]LogTextLocalizationManager: No specific localization for 'en-GB' exists, so the 'en' localization will be used.
[2018.03.17-14.50.04:732][  0]LogD3D11RHI: D3D11 adapters:
[2018.03.17-14.50.04:766][  0]LogD3D11RHI:    0. 'AMD Radeon R7 200 Series' (Feature Level 11_0)
[2018.03.17-14.50.04:766][  0]LogD3D11RHI:       1001/0/3831 MB DedicatedVideo/DedicatedSystem/SharedSystem, Outputs:2, VendorId:0x1002
[2018.03.17-14.50.04:766][  0]LogD3D11RHI: Chosen D3D11 Adapter: 0
[2018.03.17-14.50.04:774][  0]LogD3D11RHI: Creating new Direct3DDevice
[2018.03.17-14.50.04:774][  0]LogD3D11RHI:     GPU DeviceId: 0x6610 (for the marketing name, search the web for "GPU Device Id")
[2018.03.17-14.50.04:774][  0]LogWindows: EnumDisplayDevices:
[2018.03.17-14.50.04:774][  0]LogWindows:    0. 'AMD Radeon R7 200 Series' (P:1 D:1)
[2018.03.17-14.50.04:775][  0]LogWindows:    1. 'AMD Radeon R7 200 Series' (P:0 D:1)
[2018.03.17-14.50.04:776][  0]LogWindows:    2. 'RDPDD Chained DD' (P:0 D:0)
[2018.03.17-14.50.04:776][  0]LogWindows:    3. 'RDP Encoder Mirror Driver' (P:0 D:0)
[2018.03.17-14.50.04:776][  0]LogWindows:    4. 'RDP Reflector Display Driver' (P:0 D:0)
[2018.03.17-14.50.04:776][  0]LogWindows: DebugString: PrimaryIsNotTheChoosenAdapter PrimaryIsNotTheChoosenAdapter GetVideoDriverDetailsInvalid PrimaryIsNotTheChoosenAdapter GetVideoDriverDetailsInvalid PrimaryIsNotTheChoosenAdapter GetVideoDriverDetailsInvalid PrimaryIsNotTheChoosenAdapter FoundDriverCount:0 
[2018.03.17-14.50.04:776][  0]LogD3D11RHI:     Adapter Name: AMD Radeon R7 200 Series
[2018.03.17-14.50.04:776][  0]LogD3D11RHI:   Driver Version: Unknown (internal:Unknown, unified:Unknown)
[2018.03.17-14.50.04:776][  0]LogD3D11RHI:      Driver Date: Unknown
[2018.03.17-14.50.04:777][  0]LogRHI: Texture pool is 701 MB (70% of 1001 MB)
[2018.03.17-14.50.04:838][  0]LogD3D11RHI: Async texture creation enabled
[2018.03.17-14.50.04:850][  0]LogD3D11RHI: GPU Timing Frequency: 27.000000 (Debug: 2 1)
[2018.03.17-14.50.04:850][  0]LogShaderCompilers: Guid format shader working directory is -52 characters bigger than the processId version (../../../../../../Users/Dougmund/Documents/GitHub/dm-bandai-namco-group-9/Game Files/Main Game Week 5/Intermediate/Shaders/WorkingDirectory/7848/).
[2018.03.17-14.50.04:851][  0]LogShaderCompilers: Cleaned the shader compiler working directory 'C:/Users/Dougmund/AppData/Local/Temp/UnrealShaderWorkingDir/A1C43BE24EFEFD7A746807BC0FFD5D21/'.
[2018.03.17-14.50.04:851][  0]LogShaderCompilers: Display: Using Local Shader Compiler.
[2018.03.17-14.50.07:789][  0]LogTemp: Display: Loaded TP AllDesktopTargetPlatform
[2018.03.17-14.50.08:208][  0]LogTemp: Display: Loaded TP MacClientTargetPlatform
[2018.03.17-14.50.08:632][  0]LogTemp: Display: Loaded TP MacNoEditorTargetPlatform
[2018.03.17-14.50.09:059][  0]LogTemp: Display: Loaded TP MacServerTargetPlatform
[2018.03.17-14.50.09:480][  0]LogTemp: Display: Loaded TP MacTargetPlatform
