"../../../Engine/Plugins/2D/Paper2D/Content/DefaultSpriteMaterial.uasset" 0
"../../../Engine/Plugins/2D/Paper2D/Content/TranslucentUnlitSpriteMaterial.uasset" 1
"../../../Group_9_Game_Project/Content/Art/HUD_Artwork/finalised_userinterface.uasset" 2
"../../../Group_9_Game_Project/Content/Art/HUD_Artwork/finalised_userinterface_UI_Sprite_10.uasset" 3
"../../../Group_9_Game_Project/Content/Art/HUD_Artwork/finalised_userinterface_UI_Sprite_11.uasset" 4
"../../../Group_9_Game_Project/Content/Art/HUD_Artwork/finalised_userinterface_UI_Sprite_13.uasset" 5
"../../../Group_9_Game_Project/Content/Art/HUD_Artwork/finalised_userinterface_UI_Sprite_14.uasset" 6
"../../../Group_9_Game_Project/Content/Art/HUD_Artwork/finalised_userinterface_UI_Sprite_15.uasset" 7
"../../../Group_9_Game_Project/Content/Art/HUD_Artwork/finalised_userinterface_UI_Sprite_16.uasset" 8
"../../../Group_9_Game_Project/Content/Art/HUD_Artwork/finalised_userinterface_UI_Sprite_17.uasset" 9
"../../../Group_9_Game_Project/Content/Art/HUD_Artwork/finalised_userinterface_UI_Sprite_18.uasset" 10
"../../../Group_9_Game_Project/Content/Art/HUD_Artwork/finalised_userinterface_UI_Sprite_2.uasset" 11
"../../../Group_9_Game_Project/Content/Art/HUD_Artwork/finalised_userinterface_UI_Sprite_20.uasset" 12
"../../../Group_9_Game_Project/Content/Art/HUD_Artwork/finalised_userinterface_UI_Sprite_23.uasset" 13
"../../../Group_9_Game_Project/Content/Art/HUD_Artwork/finalised_userinterface_UI_Sprite_3.uasset" 14
"../../../Group_9_Game_Project/Content/Art/HUD_Artwork/finalised_userinterface_UI_Sprite_4.uasset" 15
"../../../Group_9_Game_Project/Content/Art/HUD_Artwork/finalised_userinterface_UI_Sprite_5.uasset" 16
"../../../Group_9_Game_Project/Content/Art/HUD_Artwork/finalised_userinterface_UI_Sprite_6.uasset" 17
"../../../Group_9_Game_Project/Content/Art/HUD_Artwork/finalised_userinterface_UI_Sprite_7.uasset" 18
"../../../Group_9_Game_Project/Content/Art/HUD_Artwork/finalised_userinterface_UI_Sprite_8.uasset" 19
"../../../Group_9_Game_Project/Content/Art/HUD_Artwork/finalised_userinterface_UI_Sprite_9.uasset" 20
"../../../Group_9_Game_Project/Content/Art/Subs/Torpedo_Placeholder.uasset" 21
"../../../Group_9_Game_Project/Content/Art/Materials/Torpedo_Material.uasset" 22
"../../../Group_9_Game_Project/Content/Art/Materials/Torpedo_Instance_1.uasset" 23
"../../../Group_9_Game_Project/Content/Art/Obstacles/Depth_Charge_Placeholder.uasset" 24
"../../../Group_9_Game_Project/Content/Art/Obstacles/Depth_Charge_Placeholder_Sprite.uasset" 25
"../../../Group_9_Game_Project/Content/Art/Obstacles/Destroyer_Placeholder.uasset" 26
"../../../Group_9_Game_Project/Content/Art/Obstacles/Destroyer_Placeholder_Sprite.uasset" 27
"../../../Group_9_Game_Project/Content/Art/Obstacles/Mine_Placeholder.uasset" 28
"../../../Group_9_Game_Project/Content/Art/Obstacles/Mine_Placeholder_Sprite.uasset" 29
"../../../Group_9_Game_Project/Content/Art/Obstacles/Particle_Glow.uasset" 30
"../../../Group_9_Game_Project/Content/Art/Obstacles/Particle_Glow_Sprite.uasset" 31
"../../../Group_9_Game_Project/Content/Art/Obstacles/Seaweed_Placeholder.uasset" 32
"../../../Group_9_Game_Project/Content/Art/Obstacles/Seaweed_Placeholder_Sprite.uasset" 33
"../../../Group_9_Game_Project/Content/Art/Subs/Placeholder_Sub.uasset" 34
"../../../Group_9_Game_Project/Content/Art/Subs/Placeholder_Sub_Sprite.uasset" 35
"../../../Group_9_Game_Project/Content/Art/Subs/Torpedo_Placeholder_Sprite.uasset" 36
"../../../Engine/Content/Functions/Engine_MaterialFunctions01/Density/ExponentialDensity.uasset" 37
"../../../Engine/Content/Functions/Engine_MaterialFunctions01/Gradient/RadialGradientExponential.uasset" 38
"../../../Group_9_Game_Project/Content/Art/Materials/Explosion_Material.uasset" 39
"../../../Group_9_Game_Project/Content/Particles/Generic_Explosion.uasset" 40
"../../../Engine/Content/Functions/Engine_MaterialFunctions01/Opacity/CameraDepthFade.uasset" 41
"../../../Engine/Content/EngineMaterials/T_Default_Material_Grid_M.uasset" 42
"../../../Engine/Content/EngineMaterials/T_Default_Material_Grid_N.uasset" 43
"../../../Engine/Content/EngineMaterials/DefaultMaterial.uasset" 44
"../../../Engine/Content/BasicShapes/Cone.uasset" 45
"../../../Engine/Content/EngineMaterials/WorldGridMaterial.uasset" 46
"../../../Engine/Content/BasicShapes/Cube.uasset" 47
"../../../Engine/Content/BasicShapes/Cylinder.uasset" 48
"../../../Engine/Content/BasicShapes/Plane.uasset" 49
"../../../Engine/Content/BasicShapes/Sphere.uasset" 50
"../../../Engine/Content/EditorLandscapeResources/DataLayer.uasset" 51
"../../../Engine/Content/EditorMaterials/GizmoMaterial.uasset" 52
"../../../Engine/Content/EditorMaterials/MAT_Groups_Toggle.uasset" 53
"../../../Engine/Content/EditorMaterials/MAT_Groups_Visibility.uasset" 54
"../../../Engine/Content/EditorMaterials/PreviewShadowIndicator.uasset" 55
"../../../Engine/Content/EditorMaterials/PreviewShadowIndicatorMaterial.uasset" 56
"../../../Engine/Content/EditorMaterials/AssetViewer/EpicQuadPanorama_CC+EV1.uasset" 57
"../../../Engine/Content/EditorMaterials/MatineeGroups/MAT_ColorTrack.uasset" 58
"../../../Engine/Content/EditorMaterials/MatineeGroups/MAT_Groups_Anim.uasset" 59
"../../../Engine/Content/EditorMaterials/MatineeGroups/MAT_Groups_AudioMaster.uasset" 60
"../../../Engine/Content/EditorMaterials/MatineeGroups/MAT_Groups_Director.uasset" 61
"../../../Engine/Content/EditorMaterials/MatineeGroups/MAT_Groups_Event.uasset" 62
"../../../Engine/Content/EditorMaterials/MatineeGroups/MAT_Groups_Fade.uasset" 63
"../../../Engine/Content/EditorMaterials/MatineeGroups/MAT_Groups_Float.uasset" 64
"../../../Engine/Content/EditorMaterials/MatineeGroups/MAT_Groups_Move.uasset" 65
"../../../Engine/Content/EditorMaterials/MatineeGroups/MAT_Groups_Slomo.uasset" 66
"../../../Engine/Content/EditorMaterials/MatineeGroups/MAT_Groups_Sound.uasset" 67
"../../../Engine/Content/EditorMaterials/MatineeGroups/MAT_Groups_Vector.uasset" 68
"../../../Engine/Content/EditorMaterials/ParticleSystems/PSysThumbnail_NoImage.uasset" 69
"../../../Engine/Content/EditorMaterials/ParticleSystems/PSysThumbnail_OOD.uasset" 70
"../../../Engine/Content/EditorMaterials/Camera/CineMat.uasset" 71
"../../../Engine/Content/EditorMaterials/Camera/MI_CineMat_Rig.uasset" 72
"../../../Engine/Content/EditorMeshes/Camera/SM_CraneRig_Arm.uasset" 73
"../../../Engine/Content/EditorMeshes/Camera/SM_CraneRig_Base.uasset" 74
"../../../Engine/Content/EditorMeshes/Camera/SM_CraneRig_Body.uasset" 75
"../../../Engine/Content/EditorMeshes/Camera/SM_CraneRig_Mount.uasset" 76
"../../../Engine/Content/EditorMeshes/Camera/SM_RailRig_Mount.uasset" 77
"../../../Engine/Content/EditorMeshes/Camera/SM_RailRig_Track.uasset" 78
"../../../Engine/Content/EditorMeshes/ColorCalibrator/M_ChromeBall.uasset" 79
"../../../Engine/Content/EditorMeshes/ColorCalibrator/M_ClearCoat.uasset" 80
"../../../Engine/Content/EditorMeshes/ColorCalibrator/M_ClearCoatBlack.uasset" 81
"../../../Engine/Content/EditorMeshes/ColorCalibrator/T_ColorGrid.uasset" 82
"../../../Engine/Content/EditorMeshes/ColorCalibrator/M_ColorGrid.uasset" 83
"../../../Engine/Content/EditorMeshes/ColorCalibrator/M_GreyBall.uasset" 84
"../../../Engine/Content/EditorMeshes/ColorCalibrator/SM_ColorCalibrator.uasset" 85
"../../../Engine/Content/EditorResources/BSPVertex.uasset" 86
"../../../Engine/Content/EditorResources/EmptyActor.uasset" 87
"../../../Engine/Content/EditorResources/S_Actor.uasset" 88
"../../../Engine/Content/EditorResources/S_Trigger.uasset" 89
"../../../Engine/Content/EditorResources/LightIcons/S_LightError.uasset" 90
"../../../Engine/Content/EditorResources/SequenceRecorder/Countdown.uasset" 91
"../../../Engine/Content/EditorResources/SequenceRecorder/RecordingIndicator.uasset" 92
"../../../Engine/Content/EditorSounds/Notifications/CompileFailed.uasset" 93
"../../../Engine/Content/EditorSounds/Notifications/CompileFailed_Cue.uasset" 94
"../../../Engine/Content/EditorSounds/Notifications/CompileSuccess.uasset" 95
"../../../Engine/Content/EditorSounds/Notifications/CompileStart_Cue.uasset" 96
"../../../Engine/Content/EditorSounds/Notifications/CompileSuccess_Cue.uasset" 97
"../../../Engine/Content/EngineDamageTypes/DmgTypeBP_Environmental.uasset" 98
"../../../Engine/Content/EngineDebugMaterials/HeatmapGradient.uasset" 99
"../../../Engine/Content/EngineDebugMaterials/BoneWeightMaterial.uasset" 100
"../../../Engine/Content/EngineDebugMaterials/ClothMaterial.uasset" 101
"../../../Engine/Content/EngineDebugMaterials/ClothMaterial_WF.uasset" 102
"../../../Engine/Content/EngineDebugMaterials/DebugEditorMaterial.uasset" 103
"../../../Engine/Content/EngineDebugMaterials/DebugMeshMaterial.uasset" 104
"../../../Engine/Content/EngineDebugMaterials/GeomMaterial.uasset" 105
"../../../Engine/Content/EngineFonts/Faces/RobotoBold.uasset" 106
"../../../Engine/Content/EngineFonts/Faces/RobotoBoldItalic.uasset" 107
"../../../Engine/Content/EngineFonts/Faces/RobotoItalic.uasset" 108
"../../../Engine/Content/EngineFonts/Faces/RobotoLight.uasset" 109
"../../../Engine/Content/EngineFonts/Faces/RobotoRegular.uasset" 110
"../../../Engine/Content/EngineFonts/Roboto.uasset" 111
"../../../Engine/Content/EngineFonts/Faces/RobotoTiny.uasset" 112
"../../../Engine/Content/EngineFonts/RobotoTiny.uasset" 113
"../../../Engine/Content/EngineMaterials/DefaultBloomKernel.uasset" 114
"../../../Engine/Content/EngineMaterials/DefaultBokeh.uasset" 115
"../../../Engine/Content/EngineMaterials/DefaultDiffuse.uasset" 116
"../../../Engine/Content/EngineMaterials/DefaultDeferredDecalMaterial.uasset" 117
"../../../Engine/Content/EngineMaterials/DefaultLightFunctionMaterial.uasset" 118
"../../../Engine/Content/EngineMaterials/DefaultPhysicalMaterial.uasset" 119
"../../../Engine/Content/Functions/Engine_MaterialFunctions02/Utility/BreakOutFloat2Components.uasset" 120
"../../../Engine/Content/EngineMaterials/DefaultPostProcessMaterial.uasset" 121
"../../../Engine/Content/EngineFonts/RobotoDistanceField.uasset" 122
"../../../Engine/Content/EngineMaterials/DefaultTextMaterialOpaque.uasset" 123
"../../../Engine/Content/EngineMaterials/DefaultWhiteGrid.uasset" 124
"../../../Engine/Content/EngineMaterials/EditorBrushMaterial.uasset" 125
"../../../Engine/Content/EngineMaterials/Good64x64TilingNoiseHighFreq.uasset" 126
"../../../Engine/Content/EngineMaterials/MiniFont.uasset" 127
"../../../Engine/Content/EngineMaterials/InvalidLightmapSettings.uasset" 128
"../../../Engine/Content/EngineMaterials/M_InvalidLightmapSettings.uasset" 129
"../../../Engine/Content/EngineMaterials/PhAT_JointLimitMaterial.uasset" 130
"../../../Engine/Content/EngineMaterials/PreintegratedSkinBRDF.uasset" 131
"../../../Engine/Content/EngineMaterials/RemoveSurfaceMaterial.uasset" 132
"../../../Engine/Content/EngineMaterials/WeightMapPlaceholderTexture.uasset" 133
"../../../Engine/Content/EngineResources/WhiteSquareTexture.uasset" 134
"../../../Engine/Content/EngineMaterials/Widget3DPassThrough.uasset" 135
"../../../Engine/Content/EngineMaterials/Widget3DPassThrough_Masked.uasset" 136
"../../../Engine/Content/EngineMaterials/Widget3DPassThrough_Opaque.uasset" 137
"../../../Engine/Content/EngineMaterials/Widget3DPassThrough_Masked_OneSided.uasset" 138
"../../../Engine/Content/EngineMaterials/Widget3DPassThrough_Opaque_OneSided.uasset" 139
"../../../Engine/Content/EngineMaterials/Widget3DPassThrough_Translucent.uasset" 140
"../../../Engine/Content/EngineMaterials/Widget3DPassThrough_Translucent_OneSided.uasset" 141
"../../../Engine/Content/EngineMeshes/Cube.uasset" 142
"../../../Engine/Content/EngineMeshes/Cylinder.uasset" 143
"../../../Engine/Content/EngineMeshes/Sphere.uasset" 144
"../../../Engine/Content/EngineResources/Black.uasset" 145
"../../../Engine/Content/EngineResources/DefaultTexture.uasset" 146
"../../../Engine/Content/EngineResources/DefaultTextureCube.uasset" 147
"../../../Engine/Content/EngineResources/GradientTexture0.uasset" 148
"../../../Engine/Content/EngineSounds/Master.uasset" 149
"../../../Engine/Content/Functions/Engine_MaterialFunctions01/Shading/ConvertFromDiffSpec.uasset" 150
"../../../Engine/Content/Functions/Engine_MaterialFunctions01/Shading/PowerToRoughness.uasset" 151
"../../../Engine/Content/Maps/Templates/Thumbnails/Default.uasset" 152
"../../../Engine/Content/Maps/Templates/Thumbnails/VR-Basic.uasset" 153
"../../../Engine/Content/MobileResources/T_MobileControls_texture.uasset" 154
"../../../Engine/Content/MobileResources/T_MobileMenu2.uasset" 155
"../../../Engine/Content/MobileResources/HUD/AnalogHat.uasset" 156
"../../../Engine/Content/MobileResources/HUD/VirtualJoystick_Background.uasset" 157
"../../../Engine/Content/MobileResources/HUD/VirtualJoystick_Thumb.uasset" 158
"../../../Engine/Content/MobileResources/HUD/DefaultVirtualJoysticks.uasset" 159
"../../../Engine/Content/MobileResources/HUD/LeftVirtualJoystickOnly.uasset" 160
"../../../Engine/Content/MobileResources/HUD/MobileHUDButton1_off.uasset" 161
"../../../Engine/Content/MobileResources/HUD/MobileHUDButton1_on.uasset" 162
"../../../Engine/Content/MobileResources/HUD/MobileHUDButton2_off.uasset" 163
"../../../Engine/Content/MobileResources/HUD/MobileHUDButton2_on.uasset" 164
"../../../Engine/Content/MobileResources/HUD/MobileHUDButton3.uasset" 165
"../../../Engine/Content/MobileResources/HUD/MobileHUDButtonFire.uasset" 166
"../../../Engine/Content/MobileResources/HUD/MobileHUDDirectionPad.uasset" 167
"../../../Engine/Content/MobileResources/HUD/MobileHUDDirectionPad2.uasset" 168
"../../../Engine/Content/MobileResources/HUD/MobileHUDDirectionPad3.uasset" 169
"../../../Engine/Content/MobileResources/HUD/MobileHUDDirectionStick.uasset" 170
"../../../Engine/Content/MobileResources/HUD/T_Castle_ThumbstickInner.uasset" 171
"../../../Engine/Content/MobileResources/HUD/T_Castle_ThumbstickOutter.uasset" 172
"../../../Engine/Content/Tutorial/ContentIntroCurve.uasset" 173
"../../../Engine/Content/Tutorial/Basics/TutorialAssets/icon_tab_Levels_40x.uasset" 174
"../../../Engine/Content/Tutorial/BlueprintTutorials/TutorialAssets/BlueprintInterface_64x.uasset" 175
"../../../Engine/Content/Tutorial/BlueprintTutorials/TutorialAssets/BlueprintMacroLibrary_64x.uasset" 176
"../../../Engine/Content/Tutorial/BlueprintTutorials/TutorialAssets/Blueprint_64x.uasset" 177
"../../../Engine/Content/Tutorial/BlueprintTutorials/TutorialAssets/Tutorial_BP_Interface.uasset" 178
"../../../Engine/Content/Tutorial/Foliage/TutorialAssets/Foliage.uasset" 179
"../../../Engine/Content/Tutorial/Landscape/TutorialAssets/Landscape.uasset" 180
"../../../Engine/Content/Tutorial/Paper2D/TutorialAssets/Paper2DFlipbook_TutorialIcon.uasset" 181
"../../../Engine/Content/Tutorial/Paper2D/TutorialAssets/Paper2DSprite_TutorialIcon.uasset" 182
"../../../Engine/Content/Tutorial/SubEditors/TutorialAssets/icon_Editor_Preferences_General_40x.uasset" 183
"../../../Engine/Content/Tutorial/SubEditors/TutorialAssets/icon_ShowSkeletalMeshes_40x.uasset" 184
"../../../Engine/Content/Tutorial/SubEditors/TutorialAssets/TutorialMaterial.uasset" 185
"../../../Engine/Content/Tutorial/SubEditors/TutorialAssets/T_SmokeSubUV_8X8.uasset" 186
"../../../Engine/Content/Tutorial/SubEditors/TutorialAssets/T_soft_smoke.uasset" 187
"../../../Engine/Content/Tutorial/SubEditors/TutorialAssets/M_smoke_subUV_blackbody.uasset" 188
"../../../Engine/Content/Tutorial/SubEditors/TutorialAssets/TutorialParticleSystem.uasset" 189
"../../../Engine/Content/EditorMeshes/EditorCube.uasset" 190
"../../../Engine/Content/Tutorial/SubEditors/TutorialAssets/Tutorial_DM.uasset" 191
"../../../Engine/Content/VREditor/Devices/Generic/GenericHMDMaterial.uasset" 192
"../../../Engine/Content/VREditor/Devices/Generic/GenericHMD.uasset" 193
"../../../Engine/Content/VREditor/FloatingText/LineMaterial.uasset" 194
"../../../Engine/Content/VREditor/FloatingText/JointSphere.uasset" 195
"../../../Engine/Content/VREditor/FloatingText/LineSegmentCylinder.uasset" 196
"../../../Engine/Content/VREditor/Fonts/VRText_RobotoLarge.uasset" 197
"../../../Engine/Content/VREditor/Fonts/VRTextMaterial.uasset" 198
"../../../Engine/Content/VREditor/Fonts/TranslucentVRTextMaterial.uasset" 199
"../../../Engine/Content/VREditor/LaserPointer/CursorPointer.uasset" 200
"../../../Engine/Content/VREditor/LaserPointer/VR_LaserPower_01.uasset" 201
"../../../Engine/Content/VREditor/TransformGizmo/TransformGizmoMaterial.uasset" 202
"../../../Engine/Content/VREditor/LaserPointer/HoverMaterial.uasset" 203
"../../../Engine/Content/VREditor/TransformGizmo/TranslucentTransformGizmoMaterial.uasset" 204
"../../../Engine/Content/VREditor/LaserPointer/TranslucentHoverMaterial.uasset" 205
"../../../Engine/Content/VREditor/LaserPointer/HoverMesh.uasset" 206
"../../../Engine/Content/VREditor/LaserPointer/LaserPointerMaterial.uasset" 207
"../../../Engine/Content/VREditor/LaserPointer/LaserPointerMaterialInst.uasset" 208
"../../../Engine/Content/VREditor/LaserPointer/TranslucentLaserPointerMaterialInst.uasset" 209
"../../../Engine/Content/VREditor/LaserPointer/LaserPointerMesh.uasset" 210
"../../../Engine/Content/VREditor/LaserPointer/LaserPointerMesh_End.uasset" 211
"../../../Engine/Content/VREditor/LaserPointer/LaserPointerMesh_Start.uasset" 212
"../../../Engine/Content/Functions/Engine_MaterialFunctions02/Utility/BreakOutFloat3Components.uasset" 213
"../../../Engine/Content/Functions/Engine_MaterialFunctions02/Math/Transform3x3Matrix.uasset" 214
"../../../Engine/Content/Functions/Engine_MaterialFunctions02/SplitComponents.uasset" 215
"../../../Engine/Content/Functions/Engine_MaterialFunctions02/Utility/MakeFloat3.uasset" 216
"../../../Engine/Content/VREditor/SnapGrid/SnapGridMaterial.uasset" 217
"../../../Engine/Content/VREditor/SnapGrid/SnapGridPlaneMesh.uasset" 218
"../../../Engine/Content/VREditor/Sounds/VR_teleport.uasset" 219
"../../../Engine/Content/VREditor/Sounds/UI/Click_on_Button_Cue.uasset" 220
"../../../Engine/Content/VREditor/Sounds/UI/Dockable_Window_Close.uasset" 221
"../../../Engine/Content/VREditor/Sounds/UI/Dockable_Window_Drop.uasset" 222
"../../../Engine/Content/VREditor/Sounds/UI/Dockable_Window_Open.uasset" 223
"../../../Engine/Content/VREditor/Sounds/UI/Dockable_Window_Pick_Up.uasset" 224
"../../../Engine/Content/VREditor/Sounds/UI/Drop_Item_From_ContentBrowser.uasset" 225
"../../../Engine/Content/VREditor/Sounds/UI/Floating_UI_Open-001.uasset" 226
"../../../Engine/Content/VREditor/Sounds/UI/Gizmo_Handle_Clicked.uasset" 227
"../../../Engine/Content/VREditor/Sounds/UI/Object_PickUp.uasset" 228
"../../../Engine/Content/VREditor/Sounds/UI/Object_Snaps_To_Another_Actor.uasset" 229
"../../../Engine/Content/VREditor/Sounds/UI/Object_Snaps_To_Grid.uasset" 230
"../../../Engine/Content/VREditor/Sounds/UI/Radial_Menu_FadeOut.uasset" 231
"../../../Engine/Content/VREditor/Sounds/UI/Scaling_Down.uasset" 232
"../../../Engine/Content/VREditor/Sounds/UI/Scaling_Up.uasset" 233
"../../../Engine/Content/VREditor/Sounds/UI/Selection_Changes.uasset" 234
"../../../Engine/Content/VREditor/Sounds/UI/Teleport_Mode_Entered.uasset" 235
"../../../Engine/Content/VREditor/Teleport/TeleportDirectionMaterial.uasset" 236
"../../../Engine/Content/VREditor/Teleport/TeleportDirectionMaterial_Inst.uasset" 237
"../../../Engine/Content/VREditor/Teleport/TeleportDirectionMesh.uasset" 238
"../../../Engine/Content/VREditor/TransformGizmo/BoundingBoxCorner.uasset" 239
"../../../Engine/Content/VREditor/TransformGizmo/BoundingBoxEdge.uasset" 240
"../../../Engine/Content/VREditor/TransformGizmo/PlaneTranslationHandle.uasset" 241
"../../../Engine/Content/VREditor/TransformGizmo/RotationHandleFull.uasset" 242
"../../../Engine/Content/VREditor/TransformGizmo/RotationHandleIndicator.uasset" 243
"../../../Engine/Content/VREditor/TransformGizmo/RotationHandleQuarter.uasset" 244
"../../../Engine/Content/VREditor/TransformGizmo/Main.uasset" 245
"../../../Engine/Content/VREditor/TransformGizmo/Xray.uasset" 246
"../../../Engine/Content/VREditor/TransformGizmo/SM_Dialog_Close.uasset" 247
"../../../Engine/Content/VREditor/TransformGizmo/SM_Dialog_Move.uasset" 248
"../../../Engine/Content/VREditor/TransformGizmo/SM_Sequencer_Key.uasset" 249
"../../../Engine/Content/VREditor/TransformGizmo/StartRotationHandleIndicator.uasset" 250
"../../../Engine/Content/VREditor/TransformGizmo/TranslucentTransformGizmoMaterial_Inst.uasset" 251
"../../../Engine/Content/VREditor/TransformGizmo/TransformGizmoFreeRotation.uasset" 252
"../../../Engine/Content/VREditor/TransformGizmo/TransformGizmoMaterial_Inst.uasset" 253
"../../../Engine/Content/VREditor/TransformGizmo/TranslateArrowHandle.uasset" 254
"../../../Engine/Content/VREditor/TransformGizmo/UniformScaleHandle.uasset" 255
"../../../Engine/Content/VREditor/UI/KeyDiskMaterial.uasset" 256
"../../../Engine/Content/VREditor/UI/DiscMaterial.uasset" 257
"../../../Engine/Content/VREditor/UI/SM_Radial_Disk.uasset" 258
"../../../Engine/Content/Functions/Engine_MaterialFunctions01/Gradient/RadialGradient.uasset" 259
"../../../Engine/Content/VREditor/WorldMovementGrid/SimpleGrid.uasset" 260
"../../../Engine/Content/VREditor/WorldMovementGrid/GridMaterial.uasset" 261
"../../../Engine/Content/VREditor/WorldMovementGrid/GridPostProcess.uasset" 262
"../../../Engine/Content/EditorLandscapeResources/FlattenHeightMat.uasset" 263
"../../../Engine/Content/VREditor/WorldMovementGrid/PlaneMesh.uasset" 264
"../../../Engine/Plugins/2D/Paper2D/Content/PlaceholderTextures/DummySpriteTexture.uasset" 265
"../../../Engine/Plugins/2D/Paper2D/Content/DummySprite.uasset" 266
"../../../Engine/Plugins/2D/Paper2D/Content/DefaultPaperTerrainMaterial.uasset" 267
"../../../Engine/Plugins/2D/Paper2D/Content/MaskedUnlitSpriteMaterial.uasset" 268
"../../../Engine/Plugins/2D/Paper2D/Content/OpaqueUnlitSpriteMaterial.uasset" 269
"../../../Engine/Plugins/Runtime/Oculus/OculusVR/Content/Textures/GearVRController_AO.uasset" 270
"../../../Engine/Plugins/Runtime/Oculus/OculusVR/Content/Textures/GearVRController_Color.uasset" 271
"../../../Engine/Plugins/Runtime/Oculus/OculusVR/Content/Textures/GearVRController_Normal.uasset" 272
"../../../Engine/Plugins/Runtime/Oculus/OculusVR/Content/Materials/GearVRControllerMaterial.uasset" 273
"../../../Engine/Plugins/Runtime/Oculus/OculusVR/Content/Meshes/GearVrController.uasset" 274
"../../../Engine/Content/EditorBlueprintResources/StandardMacros.uasset" 275
"../../../Engine/Content/EngineSky/C_Sky_Cloud_Color.uasset" 276
"../../../Engine/Content/EngineSky/C_Sky_Horizon_Color.uasset" 277
"../../../Engine/Content/EngineSky/C_Sky_Zenith_Color.uasset" 278
"../../../Engine/Content/EngineSky/T_Sky_Blue.uasset" 279
"../../../Engine/Content/EngineSky/T_Sky_Clouds_M.uasset" 280
"../../../Engine/Content/EngineSky/T_Sky_Stars.uasset" 281
"../../../Engine/Content/EngineSky/M_Sky_Panning_Clouds2.uasset" 282
"../../../Engine/Content/EngineSky/SM_SkySphere.uasset" 283
"../../../Engine/Content/EngineSky/BP_Sky_Sphere.uasset" 284
"../../../Group_9_Game_Project/Content/Art/Obstacles/Seaweed_Finished_.uasset" 285
"../../../Group_9_Game_Project/Content/Art/Materials/Seaweed_Material.uasset" 286
"../../../Group_9_Game_Project/Content/Art/Materials/Seaweed_Instance_1.uasset" 287
"../../../Group_9_Game_Project/Content/Art/Materials/Seaweed_Transparency.uasset" 288
"../../../Group_9_Game_Project/Content/Art/Obstacles/Seaweed_Finished__Sprite.uasset" 289
"../../../Group_9_Game_Project/Content/Blueprints/Seaweed_Clump_2018-03-04-15-26-22.uasset" 290
"../../../Group_9_Game_Project/Content/Art/Subs/Russian_basic_sub.uasset" 291
"../../../Group_9_Game_Project/Content/Art/Subs/Russian_basic_sub_Sprite.uasset" 292
"../../../Group_9_Game_Project/Content/Art/HUD_Artwork/finalised_userinterface_UI_Sprite_0.uasset" 293
"../../../Group_9_Game_Project/Content/Art/HUD_Artwork/finalised_userinterface_UI_Sprite_24.uasset" 294
"../../../Group_9_Game_Project/Content/Art/HUD_Artwork/finalised_userinterface_UI_Sprite_25.uasset" 295
"../../../Group_9_Game_Project/Content/HUD/Game_Over_P2.uasset" 296
"../../../Group_9_Game_Project/Content/Blueprints/P1_Sub_RUS_Easy.uasset" 297
"../../../Group_9_Game_Project/Content/Art/Subs/Russian_expert_sub.uasset" 298
"../../../Group_9_Game_Project/Content/Art/Subs/Russian_expert_sub_Sprite.uasset" 299
"../../../Group_9_Game_Project/Content/Blueprints/P1_Sub_RUS_Expert.uasset" 300
"../../../Group_9_Game_Project/Content/Art/Subs/Russian_moderate_sub.uasset" 301
"../../../Group_9_Game_Project/Content/Art/Subs/Russian_moderate_sub_Sprite.uasset" 302
"../../../Group_9_Game_Project/Content/Blueprints/P1_Sub_RUS_Medium.uasset" 303
"../../../Group_9_Game_Project/Content/Art/Subs/Turkish_basic_sub.uasset" 304
"../../../Group_9_Game_Project/Content/Art/Subs/Turkish_basic_sub_Sprite.uasset" 305
"../../../Group_9_Game_Project/Content/Blueprints/P1_Sub_TUR_Easy.uasset" 306
"../../../Group_9_Game_Project/Content/Art/Subs/Turkish_expert_sub.uasset" 307
"../../../Group_9_Game_Project/Content/Art/Subs/Turkish_expert_sub_Sprite.uasset" 308
"../../../Group_9_Game_Project/Content/Blueprints/P1_Sub_TUR_Expert.uasset" 309
"../../../Group_9_Game_Project/Content/Art/Subs/Turkish_moderate_sub.uasset" 310
"../../../Group_9_Game_Project/Content/Art/Subs/Turkish_moderate_sub_Sprite.uasset" 311
"../../../Group_9_Game_Project/Content/Blueprints/P1_Sub_TUR_Medium.uasset" 312
"../../../Group_9_Game_Project/Content/Art/Subs/Torpedo_Stage_1.uasset" 313
"../../../Group_9_Game_Project/Content/Art/Subs/Torpedo_Stage_1_Sprite.uasset" 314
"../../../Group_9_Game_Project/Content/Particles/Underwater_Explosion.uasset" 315
"../../../Group_9_Game_Project/Content/Blueprints/P2_Conventional_Torpedo.uasset" 316
"../../../Group_9_Game_Project/Content/Art/Subs/Japanese_basic_sub.uasset" 317
"../../../Group_9_Game_Project/Content/Art/Subs/Japanese_basic_sub_Sprite.uasset" 318
"../../../Group_9_Game_Project/Content/Blueprints/P2_Sub_JPN_Easy.uasset" 319
"../../../Group_9_Game_Project/Content/Art/Subs/Japanese_expert_sub.uasset" 320
"../../../Group_9_Game_Project/Content/Art/Subs/Japanese_expert_sub_Sprite.uasset" 321
"../../../Group_9_Game_Project/Content/Blueprints/P2_Sub_JPN_Expert.uasset" 322
"../../../Group_9_Game_Project/Content/Art/Subs/Japanese_moderate_sub.uasset" 323
"../../../Group_9_Game_Project/Content/Art/Subs/Japanese_moderate_sub_Sprite.uasset" 324
"../../../Group_9_Game_Project/Content/Blueprints/P2_Sub_JPN_Medium.uasset" 325
"../../../Group_9_Game_Project/Content/Blueprints/P2_Sub_RUS_Easy.uasset" 326
"../../../Group_9_Game_Project/Content/Blueprints/P2_Sub_RUS_Expert.uasset" 327
"../../../Group_9_Game_Project/Content/Blueprints/P2_Sub_RUS_Medium.uasset" 328
"../../../Group_9_Game_Project/Content/Blueprints/P2_Sub_TUR_Easy.uasset" 329
"../../../Group_9_Game_Project/Content/Blueprints/P2_Sub_TUR_Expert.uasset" 330
"../../../Group_9_Game_Project/Content/Blueprints/P2_Sub_TUR_Medium.uasset" 331
"../../../Group_9_Game_Project/Content/Blueprints/P1_Conventional_Torpedo.uasset" 332
"../../../Group_9_Game_Project/Content/Blueprints/P1_Sub_JPN_Medium.uasset" 333
"../../../Group_9_Game_Project/Content/Art/Obstacles/Underwater_Mine.uasset" 334
"../../../Group_9_Game_Project/Content/Art/Materials/Mine_Material.uasset" 335
"../../../Group_9_Game_Project/Content/Art/Materials/Mine_Instance_1.uasset" 336
"../../../Group_9_Game_Project/Content/Art/Obstacles/Underwater_Mine_Sprite.uasset" 337
"../../../Group_9_Game_Project/Content/Blueprints/Obstacle_Mine.uasset" 338
"../../../Group_9_Game_Project/Content/Blueprints/P1_Sub_JPN_Expert.uasset" 339
"../../../Group_9_Game_Project/Content/Art/Obstacles/Depth_charges_deployed.uasset" 340
"../../../Group_9_Game_Project/Content/Art/Materials/Depth_Charge_Material.uasset" 341
"../../../Group_9_Game_Project/Content/Art/Materials/Depth_Charge_Instance_1.uasset" 342
"../../../Group_9_Game_Project/Content/Art/Obstacles/Depth_charges_deployed_Sprite.uasset" 343
"../../../Group_9_Game_Project/Content/Blueprints/Obstacle_Depth_Charge.uasset" 344
"../../../Group_9_Game_Project/Content/Blueprints/P1_Sub_JPN_Easy.uasset" 345
"../../../Group_9_Game_Project/Content/Levels/Main_Level_BuiltData.uasset" 346
"../../../Group_9_Game_Project/Content/HUD/Game_Over_P1.uasset" 347
"../../../Group_9_Game_Project/Content/HUD/Health_Bars.uasset" 348
"../../../Group_9_Game_Project/Content/Art/Subs/Class_J_Destroyer.uasset" 349
"../../../Group_9_Game_Project/Content/Art/Subs/Class_J_Destroyer_Sprite.uasset" 350
"../../../Group_9_Game_Project/Content/Blueprints/Obstacle_Destroyer.uasset" 351
"../../../Group_9_Game_Project/Content/Blueprints/Obstacle_Destroyer_Spawner.uasset" 352
"../../../Group_9_Game_Project/Content/Blueprints/Obstacle_Mine_Spawner.uasset" 353
"../../../Group_9_Game_Project/Content/Blueprints/Obstacle_Seaweed_Spawner.uasset" 354
"../../../Group_9_Game_Project/Content/Art/HUD_Artwork/finalised_userinterface_UI_Sprite_1.uasset" 355
"../../../Group_9_Game_Project/Content/Art/HUD_Artwork/finalised_userinterface_UI_Sprite_12.uasset" 356
"../../../Group_9_Game_Project/Content/Art/HUD_Artwork/finalised_userinterface_UI_Sprite_19.uasset" 357
"../../../Group_9_Game_Project/Content/HUD/Sub_Selection.uasset" 358
"../../../Group_9_Game_Project/Content/Levels/Main_Level.umap" 359
"../../../Group_9_Game_Project/Content/Art/HUD_Artwork/finalised_userinterface_UI_Sprite_21.uasset" 360
"../../../Group_9_Game_Project/Content/Art/HUD_Artwork/finalised_userinterface_UI_Sprite_22.uasset" 361
"../../../Group_9_Game_Project/Content/HUD/How_To_Play.uasset" 362
"../../../Group_9_Game_Project/Content/HUD/Main_Menu.uasset" 363
"../../../Group_9_Game_Project/Content/Levels/Main_Menu.umap" 364
"../../../Engine/Content/Maps/Entry.umap" 365
